<?xml version="1.0" encoding="UTF-8"?>
<testng-results ignored="0" total="25" passed="25" failed="0" skipped="0">
  <reporter-output>
  </reporter-output>
  <suite started-at="2022-10-14T17:50:41 IST" name="Default suite" finished-at="2022-10-14T17:56:31 IST" duration-ms="349690">
    <groups>
      <group name="cucumber">
        <method signature="AbstractTestNGCucumberTests.runScenario(io.cucumber.testng.PickleWrapper,io.cucumber.testng.FeatureWrapper)[pri:0, instance:testrunner.Runner@4f3bbf68]" name="runScenario" class="io.cucumber.testng.AbstractTestNGCucumberTests"/>
      </group> <!-- cucumber -->
    </groups>
    <test started-at="2022-10-14T17:50:41 IST" name="Default test" finished-at="2022-10-14T17:56:31 IST" duration-ms="349690">
      <class name="testrunner.Runner">
        <test-method is-config="true" signature="setUpClass(org.testng.ITestContext)[pri:0, instance:testrunner.Runner@4f3bbf68]" started-at="2022-10-14T17:50:41 IST" name="setUpClass" finished-at="2022-10-14T17:50:42 IST" duration-ms="468" status="PASS">
          <params>
            <param index="0">
              <value>
                <![CDATA[org.testng.TestRunner@2627335c]]>
              </value>
            </param>
          </params>
          <reporter-output>
          </reporter-output>
        </test-method> <!-- setUpClass -->
        <test-method signature="runScenario(io.cucumber.testng.PickleWrapper,io.cucumber.testng.FeatureWrapper)[pri:0, instance:testrunner.Runner@4f3bbf68]" started-at="2022-10-14T17:50:42 IST" name="runScenario" description="Runs Cucumber Scenarios" data-provider="scenarios" finished-at="2022-10-14T17:50:56 IST" duration-ms="13942" status="PASS">
          <params>
            <param index="0">
              <value>
                <![CDATA["prompting user with suggestions based on query"]]>
              </value>
            </param>
            <param index="1">
              <value>
                <![CDATA["Working of autosuggestion functionality"]]>
              </value>
            </param>
          </params>
          <reporter-output>
          </reporter-output>
        </test-method> <!-- runScenario -->
        <test-method signature="runScenario(io.cucumber.testng.PickleWrapper,io.cucumber.testng.FeatureWrapper)[pri:0, instance:testrunner.Runner@4f3bbf68]" started-at="2022-10-14T17:50:56 IST" name="runScenario" description="Runs Cucumber Scenarios" data-provider="scenarios" finished-at="2022-10-14T17:51:03 IST" duration-ms="7838" status="PASS">
          <params>
            <param index="0">
              <value>
                <![CDATA["redirecting to search results from suggestions"]]>
              </value>
            </param>
            <param index="1">
              <value>
                <![CDATA["Working of autosuggestion functionality"]]>
              </value>
            </param>
          </params>
          <reporter-output>
          </reporter-output>
        </test-method> <!-- runScenario -->
        <test-method signature="runScenario(io.cucumber.testng.PickleWrapper,io.cucumber.testng.FeatureWrapper)[pri:0, instance:testrunner.Runner@4f3bbf68]" started-at="2022-10-14T17:51:03 IST" name="runScenario" description="Runs Cucumber Scenarios" data-provider="scenarios" finished-at="2022-10-14T17:51:09 IST" duration-ms="5975" status="PASS">
          <params>
            <param index="0">
              <value>
                <![CDATA["navigation through suggestions"]]>
              </value>
            </param>
            <param index="1">
              <value>
                <![CDATA["Working of autosuggestion functionality"]]>
              </value>
            </param>
          </params>
          <reporter-output>
          </reporter-output>
        </test-method> <!-- runScenario -->
        <test-method signature="runScenario(io.cucumber.testng.PickleWrapper,io.cucumber.testng.FeatureWrapper)[pri:0, instance:testrunner.Runner@4f3bbf68]" started-at="2022-10-14T17:51:09 IST" name="runScenario" description="Runs Cucumber Scenarios" data-provider="scenarios" finished-at="2022-10-14T17:51:17 IST" duration-ms="7788" status="PASS">
          <params>
            <param index="0">
              <value>
                <![CDATA["obtaining search results for alphabet characters"]]>
              </value>
            </param>
            <param index="1">
              <value>
                <![CDATA["obtaining search results for various types of data"]]>
              </value>
            </param>
          </params>
          <reporter-output>
          </reporter-output>
        </test-method> <!-- runScenario -->
        <test-method signature="runScenario(io.cucumber.testng.PickleWrapper,io.cucumber.testng.FeatureWrapper)[pri:0, instance:testrunner.Runner@4f3bbf68]" started-at="2022-10-14T17:51:17 IST" name="runScenario" description="Runs Cucumber Scenarios" data-provider="scenarios" finished-at="2022-10-14T17:51:25 IST" duration-ms="7467" status="PASS">
          <params>
            <param index="0">
              <value>
                <![CDATA["obtaining search results for alphabet characters"]]>
              </value>
            </param>
            <param index="1">
              <value>
                <![CDATA["obtaining search results for various types of data"]]>
              </value>
            </param>
          </params>
          <reporter-output>
          </reporter-output>
        </test-method> <!-- runScenario -->
        <test-method signature="runScenario(io.cucumber.testng.PickleWrapper,io.cucumber.testng.FeatureWrapper)[pri:0, instance:testrunner.Runner@4f3bbf68]" started-at="2022-10-14T17:51:25 IST" name="runScenario" description="Runs Cucumber Scenarios" data-provider="scenarios" finished-at="2022-10-14T17:51:32 IST" duration-ms="7375" status="PASS">
          <params>
            <param index="0">
              <value>
                <![CDATA["obtaining search results for alphanumeric characters"]]>
              </value>
            </param>
            <param index="1">
              <value>
                <![CDATA["obtaining search results for various types of data"]]>
              </value>
            </param>
          </params>
          <reporter-output>
          </reporter-output>
        </test-method> <!-- runScenario -->
        <test-method signature="runScenario(io.cucumber.testng.PickleWrapper,io.cucumber.testng.FeatureWrapper)[pri:0, instance:testrunner.Runner@4f3bbf68]" started-at="2022-10-14T17:51:32 IST" name="runScenario" description="Runs Cucumber Scenarios" data-provider="scenarios" finished-at="2022-10-14T17:51:39 IST" duration-ms="7408" status="PASS">
          <params>
            <param index="0">
              <value>
                <![CDATA["obtaining search results for alphanumeric characters"]]>
              </value>
            </param>
            <param index="1">
              <value>
                <![CDATA["obtaining search results for various types of data"]]>
              </value>
            </param>
          </params>
          <reporter-output>
          </reporter-output>
        </test-method> <!-- runScenario -->
        <test-method signature="runScenario(io.cucumber.testng.PickleWrapper,io.cucumber.testng.FeatureWrapper)[pri:0, instance:testrunner.Runner@4f3bbf68]" started-at="2022-10-14T17:51:39 IST" name="runScenario" description="Runs Cucumber Scenarios" data-provider="scenarios" finished-at="2022-10-14T17:51:46 IST" duration-ms="6840" status="PASS">
          <params>
            <param index="0">
              <value>
                <![CDATA["obtaining search results for numeric characters"]]>
              </value>
            </param>
            <param index="1">
              <value>
                <![CDATA["obtaining search results for various types of data"]]>
              </value>
            </param>
          </params>
          <reporter-output>
          </reporter-output>
        </test-method> <!-- runScenario -->
        <test-method signature="runScenario(io.cucumber.testng.PickleWrapper,io.cucumber.testng.FeatureWrapper)[pri:0, instance:testrunner.Runner@4f3bbf68]" started-at="2022-10-14T17:51:46 IST" name="runScenario" description="Runs Cucumber Scenarios" data-provider="scenarios" finished-at="2022-10-14T17:51:54 IST" duration-ms="7263" status="PASS">
          <params>
            <param index="0">
              <value>
                <![CDATA["obtaining search results for numeric characters"]]>
              </value>
            </param>
            <param index="1">
              <value>
                <![CDATA["obtaining search results for various types of data"]]>
              </value>
            </param>
          </params>
          <reporter-output>
          </reporter-output>
        </test-method> <!-- runScenario -->
        <test-method signature="runScenario(io.cucumber.testng.PickleWrapper,io.cucumber.testng.FeatureWrapper)[pri:0, instance:testrunner.Runner@4f3bbf68]" started-at="2022-10-14T17:51:54 IST" name="runScenario" description="Runs Cucumber Scenarios" data-provider="scenarios" finished-at="2022-10-14T17:52:02 IST" duration-ms="8427" status="PASS">
          <params>
            <param index="0">
              <value>
                <![CDATA["obtaining search results for numeric characters"]]>
              </value>
            </param>
            <param index="1">
              <value>
                <![CDATA["obtaining search results for various types of data"]]>
              </value>
            </param>
          </params>
          <reporter-output>
          </reporter-output>
        </test-method> <!-- runScenario -->
        <test-method signature="runScenario(io.cucumber.testng.PickleWrapper,io.cucumber.testng.FeatureWrapper)[pri:0, instance:testrunner.Runner@4f3bbf68]" started-at="2022-10-14T17:52:02 IST" name="runScenario" description="Runs Cucumber Scenarios" data-provider="scenarios" finished-at="2022-10-14T17:52:29 IST" duration-ms="26542" status="PASS">
          <params>
            <param index="0">
              <value>
                <![CDATA["not obtaining search results for special characters"]]>
              </value>
            </param>
            <param index="1">
              <value>
                <![CDATA["obtaining search results for various types of data"]]>
              </value>
            </param>
          </params>
          <reporter-output>
          </reporter-output>
        </test-method> <!-- runScenario -->
        <test-method signature="runScenario(io.cucumber.testng.PickleWrapper,io.cucumber.testng.FeatureWrapper)[pri:0, instance:testrunner.Runner@4f3bbf68]" started-at="2022-10-14T17:52:29 IST" name="runScenario" description="Runs Cucumber Scenarios" data-provider="scenarios" finished-at="2022-10-14T17:52:56 IST" duration-ms="27568" status="PASS">
          <params>
            <param index="0">
              <value>
                <![CDATA["not obtaining search results for special characters"]]>
              </value>
            </param>
            <param index="1">
              <value>
                <![CDATA["obtaining search results for various types of data"]]>
              </value>
            </param>
          </params>
          <reporter-output>
          </reporter-output>
        </test-method> <!-- runScenario -->
        <test-method signature="runScenario(io.cucumber.testng.PickleWrapper,io.cucumber.testng.FeatureWrapper)[pri:0, instance:testrunner.Runner@4f3bbf68]" started-at="2022-10-14T17:52:56 IST" name="runScenario" description="Runs Cucumber Scenarios" data-provider="scenarios" finished-at="2022-10-14T17:53:23 IST" duration-ms="26960" status="PASS">
          <params>
            <param index="0">
              <value>
                <![CDATA["not obtaining search results for special characters"]]>
              </value>
            </param>
            <param index="1">
              <value>
                <![CDATA["obtaining search results for various types of data"]]>
              </value>
            </param>
          </params>
          <reporter-output>
          </reporter-output>
        </test-method> <!-- runScenario -->
        <test-method signature="runScenario(io.cucumber.testng.PickleWrapper,io.cucumber.testng.FeatureWrapper)[pri:0, instance:testrunner.Runner@4f3bbf68]" started-at="2022-10-14T17:53:23 IST" name="runScenario" description="Runs Cucumber Scenarios" data-provider="scenarios" finished-at="2022-10-14T17:53:52 IST" duration-ms="29240" status="PASS">
          <params>
            <param index="0">
              <value>
                <![CDATA["not obtaining search results for special characters"]]>
              </value>
            </param>
            <param index="1">
              <value>
                <![CDATA["obtaining search results for various types of data"]]>
              </value>
            </param>
          </params>
          <reporter-output>
          </reporter-output>
        </test-method> <!-- runScenario -->
        <test-method signature="runScenario(io.cucumber.testng.PickleWrapper,io.cucumber.testng.FeatureWrapper)[pri:0, instance:testrunner.Runner@4f3bbf68]" started-at="2022-10-14T17:53:52 IST" name="runScenario" description="Runs Cucumber Scenarios" data-provider="scenarios" finished-at="2022-10-14T17:53:59 IST" duration-ms="6355" status="PASS">
          <params>
            <param index="0">
              <value>
                <![CDATA["Search icon is visible"]]>
              </value>
            </param>
            <param index="1">
              <value>
                <![CDATA["Search icon visibility"]]>
              </value>
            </param>
          </params>
          <reporter-output>
          </reporter-output>
        </test-method> <!-- runScenario -->
        <test-method signature="runScenario(io.cucumber.testng.PickleWrapper,io.cucumber.testng.FeatureWrapper)[pri:0, instance:testrunner.Runner@4f3bbf68]" started-at="2022-10-14T17:53:59 IST" name="runScenario" description="Runs Cucumber Scenarios" data-provider="scenarios" finished-at="2022-10-14T17:54:04 IST" duration-ms="5179" status="PASS">
          <params>
            <param index="0">
              <value>
                <![CDATA["Search tab is visible after clicking on search icon"]]>
              </value>
            </param>
            <param index="1">
              <value>
                <![CDATA["Search icon visibility"]]>
              </value>
            </param>
          </params>
          <reporter-output>
          </reporter-output>
        </test-method> <!-- runScenario -->
        <test-method signature="runScenario(io.cucumber.testng.PickleWrapper,io.cucumber.testng.FeatureWrapper)[pri:0, instance:testrunner.Runner@4f3bbf68]" started-at="2022-10-14T17:54:04 IST" name="runScenario" description="Runs Cucumber Scenarios" data-provider="scenarios" finished-at="2022-10-14T17:54:53 IST" duration-ms="49239" status="PASS">
          <params>
            <param index="0">
              <value>
                <![CDATA["obtaining search results under Educators, Courses, Lessons category"]]>
              </value>
            </param>
            <param index="1">
              <value>
                <![CDATA["verify that search results are obtained for various categories"]]>
              </value>
            </param>
          </params>
          <reporter-output>
          </reporter-output>
        </test-method> <!-- runScenario -->
        <test-method signature="runScenario(io.cucumber.testng.PickleWrapper,io.cucumber.testng.FeatureWrapper)[pri:0, instance:testrunner.Runner@4f3bbf68]" started-at="2022-10-14T17:54:53 IST" name="runScenario" description="Runs Cucumber Scenarios" data-provider="scenarios" finished-at="2022-10-14T17:55:10 IST" duration-ms="16822" status="PASS">
          <params>
            <param index="0">
              <value>
                <![CDATA["visibility of See All button"]]>
              </value>
            </param>
            <param index="1">
              <value>
                <![CDATA["verify that search results are obtained for various categories"]]>
              </value>
            </param>
          </params>
          <reporter-output>
          </reporter-output>
        </test-method> <!-- runScenario -->
        <test-method signature="runScenario(io.cucumber.testng.PickleWrapper,io.cucumber.testng.FeatureWrapper)[pri:0, instance:testrunner.Runner@4f3bbf68]" started-at="2022-10-14T17:55:10 IST" name="runScenario" description="Runs Cucumber Scenarios" data-provider="scenarios" finished-at="2022-10-14T17:55:29 IST" duration-ms="18596" status="PASS">
          <params>
            <param index="0">
              <value>
                <![CDATA["visibility of expanded search results when user clicks on See All button"]]>
              </value>
            </param>
            <param index="1">
              <value>
                <![CDATA["verify that search results are obtained for various categories"]]>
              </value>
            </param>
          </params>
          <reporter-output>
          </reporter-output>
        </test-method> <!-- runScenario -->
        <test-method signature="runScenario(io.cucumber.testng.PickleWrapper,io.cucumber.testng.FeatureWrapper)[pri:0, instance:testrunner.Runner@4f3bbf68]" started-at="2022-10-14T17:55:29 IST" name="runScenario" description="Runs Cucumber Scenarios" data-provider="scenarios" finished-at="2022-10-14T17:55:42 IST" duration-ms="13054" status="PASS">
          <params>
            <param index="0">
              <value>
                <![CDATA["redirecting to educator's profile page"]]>
              </value>
            </param>
            <param index="1">
              <value>
                <![CDATA["navigate through search results"]]>
              </value>
            </param>
          </params>
          <reporter-output>
          </reporter-output>
        </test-method> <!-- runScenario -->
        <test-method signature="runScenario(io.cucumber.testng.PickleWrapper,io.cucumber.testng.FeatureWrapper)[pri:0, instance:testrunner.Runner@4f3bbf68]" started-at="2022-10-14T17:55:42 IST" name="runScenario" description="Runs Cucumber Scenarios" data-provider="scenarios" finished-at="2022-10-14T17:55:53 IST" duration-ms="11899" status="PASS">
          <params>
            <param index="0">
              <value>
                <![CDATA["redirecting to course subscription page"]]>
              </value>
            </param>
            <param index="1">
              <value>
                <![CDATA["navigate through search results"]]>
              </value>
            </param>
          </params>
          <reporter-output>
          </reporter-output>
        </test-method> <!-- runScenario -->
        <test-method signature="runScenario(io.cucumber.testng.PickleWrapper,io.cucumber.testng.FeatureWrapper)[pri:0, instance:testrunner.Runner@4f3bbf68]" started-at="2022-10-14T17:55:53 IST" name="runScenario" description="Runs Cucumber Scenarios" data-provider="scenarios" finished-at="2022-10-14T17:56:06 IST" duration-ms="12044" status="PASS">
          <params>
            <param index="0">
              <value>
                <![CDATA["redirecting to search result from profile page"]]>
              </value>
            </param>
            <param index="1">
              <value>
                <![CDATA["navigate through search results"]]>
              </value>
            </param>
          </params>
          <reporter-output>
          </reporter-output>
        </test-method> <!-- runScenario -->
        <test-method signature="runScenario(io.cucumber.testng.PickleWrapper,io.cucumber.testng.FeatureWrapper)[pri:0, instance:testrunner.Runner@4f3bbf68]" started-at="2022-10-14T17:56:06 IST" name="runScenario" description="Runs Cucumber Scenarios" data-provider="scenarios" finished-at="2022-10-14T17:56:17 IST" duration-ms="11688" status="PASS">
          <params>
            <param index="0">
              <value>
                <![CDATA["redirecting to search result from course subscription page"]]>
              </value>
            </param>
            <param index="1">
              <value>
                <![CDATA["navigate through search results"]]>
              </value>
            </param>
          </params>
          <reporter-output>
          </reporter-output>
        </test-method> <!-- runScenario -->
        <test-method signature="runScenario(io.cucumber.testng.PickleWrapper,io.cucumber.testng.FeatureWrapper)[pri:0, instance:testrunner.Runner@4f3bbf68]" started-at="2022-10-14T17:56:17 IST" name="runScenario" description="Runs Cucumber Scenarios" data-provider="scenarios" finished-at="2022-10-14T17:56:24 IST" duration-ms="6657" status="PASS">
          <params>
            <param index="0">
              <value>
                <![CDATA["trending list visibility when user is logged out"]]>
              </value>
            </param>
            <param index="1">
              <value>
                <![CDATA["Check working of trending list under search bar"]]>
              </value>
            </param>
          </params>
          <reporter-output>
          </reporter-output>
        </test-method> <!-- runScenario -->
        <test-method signature="runScenario(io.cucumber.testng.PickleWrapper,io.cucumber.testng.FeatureWrapper)[pri:0, instance:testrunner.Runner@4f3bbf68]" started-at="2022-10-14T17:56:24 IST" name="runScenario" description="Runs Cucumber Scenarios" data-provider="scenarios" finished-at="2022-10-14T17:56:31 IST" duration-ms="6883" status="PASS">
          <params>
            <param index="0">
              <value>
                <![CDATA["redirecting to educator's profile page from trending list"]]>
              </value>
            </param>
            <param index="1">
              <value>
                <![CDATA["Check working of trending list under search bar"]]>
              </value>
            </param>
          </params>
          <reporter-output>
          </reporter-output>
        </test-method> <!-- runScenario -->
        <test-method is-config="true" signature="tearDownClass()[pri:0, instance:testrunner.Runner@4f3bbf68]" started-at="2022-10-14T17:56:31 IST" name="tearDownClass" finished-at="2022-10-14T17:56:31 IST" duration-ms="107" status="PASS">
          <reporter-output>
          </reporter-output>
        </test-method> <!-- tearDownClass -->
      </class> <!-- testrunner.Runner -->
    </test> <!-- Default test -->
  </suite> <!-- Default suite -->
</testng-results>
